### Trovo
nftset=/ins-5776sx9h.ias.tencent-cloud.net/4#inet#fw4#vpn_domains
nftset=/oth.eve.mdt.qq.com/4#inet#fw4#vpn_domains
nftset=/tdm.trovo.live/4#inet#fw4#vpn_domains
nftset=/ins-2ybret5v.ias.tencent-cloud.net/4#inet#fw4#vpn_domains
nftset=/ts.qq.com/4#inet#fw4#vpn_domains
nftset=/imsdk-sgp.msf.tencent-cloud.com/4#inet#fw4#vpn_domains
nftset=/shortsgp.im.qcloud.com/4#inet#fw4#vpn_domains
nftset=/ins-diu1q33u.ias.tencent-cloud.net/4#inet#fw4#vpn_domains
nftset=/h.trace.qq.com/4#inet#fw4#vpn_domains
#nftset=/aegis.trovo.live/4#inet#fw4#vpn_domains
#nftset=/aegis.qq.com/4#inet#fw4#vpn_domains
nftset=/ins-su28bvwf.ias.tencent-cloud.net/4#inet#fw4#vpn_domains
nftset=/appcfg.v.qq.com/4#inet#fw4#vpn_domains
nftset=/icgnez51.dayugslb.com/4#inet#fw4#vpn_domains
nftset=/guid.tpns.sgp.tencent.com/4#inet#fw4#vpn_domains
nftset=/stat.tpns.sgp.tencent.com/4#inet#fw4#vpn_domains
nftset=/tlive.aihelp.net/4#inet#fw4#vpn_domains
nftset=/guigu.singaporepaya.com/4#inet#fw4#vpn_domains
nftset=/intlsdk.trovo.live/4#inet#fw4#vpn_domains
nftset=/access1.tpns.sgp.tencent.com/4#inet#fw4#vpn_domains
nftset=/ins-x9e4tvue.ias.tencent-cloud.net/4#inet#fw4#vpn_domains
nftset=/oth.str.mdt.qq.com/4#inet#fw4#vpn_domains

nftset=/rumt-us.com/4#inet#fw4#vpn_domains
